#
# A fatal error has been detected by the Java Runtime Environment:
#
#  SIGSEGV (0xb) at pc=0x00000001045161c0, pid=14385, tid=0x0000000000001403
#
# JRE version: OpenJDK Runtime Environment (8.0_412-b08) (build 1.8.0_412-b08)
# Java VM: OpenJDK 64-Bit Server VM (25.412-b08 mixed mode bsd-aarch64 compressed oops)
# Problematic frame:
# V  [libjvm.dylib+0x40e1c0]  ObjectMonitor::EnterI(Thread*)+0x1b4
#
# Failed to write core dump. Core dumps have been disabled. To enable core dumping, try "ulimit -c unlimited" before starting Java again
#
# If you would like to submit a bug report, please visit:
#   https://github.com/corretto/corretto-8/issues/
#

---------------  T H R E A D  ---------------

Current thread (0x0000000119977000):  JavaThread "DestroyJavaVM" [_thread_blocked, id=5123, stack(0x000000016cf24000,0x000000016d127000)]

siginfo: si_signo: 11 (SIGSEGV), si_code: 2 (SEGV_ACCERR), si_addr: 0x0000000000000000

Registers:
 x0=0x00000000fffffffd  x1=0x0000000000000000  x2=0x0000000000000101  x3=0x0000000000000101
 x4=0x0000000000000100  x5=0x0000000000000101  x6=0x0000000000000000  x7=0x00000000000f3e58
 x8=0x0000000000000000  x9=0x0000000000000002 x10=0x0000000000000000 x11=0x0000000000000002
x12=0x0000010100000100 x13=0x0000000000000000 x14=0x0000000000000100 x15=0x0000000000000000
x16=0x00000001939d8a44 x17=0x0000000000000100 x18=0x0000000000000000 x19=0x0000000112c687d0
x20=0x0000000119977000 x21=0x000000010476def0 x22=0x0000000000000008 x23=0x00000000000003e8
x24=0x0000000104774000 x25=0x000000010475a000 x26=0x00000001047cd000 x27=0x0000000000000000
x28=0x0000000119977000  fp=0x000000016d126870  lr=0x0000000104516190  sp=0x000000016d1267f0
pc=0x00000001045161c0 cpsr=0x0000000080001000
Top of Stack: (sp=0x000000016d1267f0)
0x000000016d1267f0:   000000016d126870 0000000000000000
0x000000016d126800:   0000000000000bad 0000000119977000
0x000000016d126810:   0000000000000000 000000012ef05a00
0x000000016d126820:   0000000500000000 0000000000000000
0x000000016d126830:   0000000111982b60 0000000000000001
0x000000016d126840:   0000000000000002 0000600002d892d0
0x000000016d126850:   000000010476e2ac 000000010476de01
0x000000016d126860:   0000000119977000 0000000112c687d0
0x000000016d126870:   000000016d126940 0000000104515ac4
0x000000016d126880:   0000000119977000 0000000119977000
0x000000016d126890:   0000000100000005 0000000119977000
0x000000016d1268a0:   0000000000000001 000000012ef05b90
0x000000016d1268b0:   000000016d126800 0000000000000000
0x000000016d1268c0:   0000000000000000 000000016d126900
0x000000016d1268d0:   0000000111982b60 000000016d126de0
0x000000016d1268e0:   000000016d126a48 0000000104e12b00
0x000000016d1268f0:   0000000119977000 000060000391c000
0x000000016d126900:   0000000111982b60 000000016d126de0
0x000000016d126910:   000000016d126a48 0000000104e12b80
0x000000016d126920:   00000001119829dd 000000074073c880
0x000000016d126930:   000000016d1269e0 0000000119977000
0x000000016d126940:   000000016d126990 0000000104376038
0x000000016d126950:   0000000111981f48 0000000119977000
0x000000016d126960:   0000000119977000 410f8001043743e4
0x000000016d126970:   00000001119829dd 000000010477b9f8
0x000000016d126980:   000000016d1269e0 0000000111982a08
0x000000016d126990:   000000016d126a30 0000000104e2a80c
0x000000016d1269a0:   0000000104e2a80c 0000000111982a08
0x000000016d1269b0:   0000000104e19c8c 0000000111982a08
0x000000016d1269c0:   0000000000000000 00000001030e151b
0x000000016d1269d0:   0000000000000005 0000000000000000
0x000000016d1269e0:   0000000000000003 000000074073c880 

Instructions: (pc=0x00000001045161c0)
0x00000001045161a0:   a8 00 00 b5 69 62 00 91 34 fd e8 c8 1f 01 00 f1
0x00000001045161b0:   60 03 00 54 08 27 47 f9 a8 00 00 b4 08 15 40 f9
0x00000001045161c0:   09 01 40 f9 29 05 00 91 09 01 00 f9 28 43 77 39
0x00000001045161d0:   c8 00 00 36 e0 03 13 aa e1 03 14 aa 8e fe ff 97 


Register to memory mapping:

 x0=0x00000000fffffffd is an unknown value
 x1=0x0000000000000000 is an unknown value
 x2=0x0000000000000101 is an unknown value
 x3=0x0000000000000101 is an unknown value
 x4=0x0000000000000100 is an unknown value
 x5=0x0000000000000101 is an unknown value
 x6=0x0000000000000000 is an unknown value
 x7=0x00000000000f3e58 is an unknown value
 x8=0x0000000000000000 is an unknown value
 x9=0x0000000000000002 is an unknown value
