#
# A fatal error has been detected by the Java Runtime Environment:
#
#  SIGSEGV (0xb) at pc=0x0000000103a5e1c0, pid=47960, tid=0x0000000000001303
#
# JRE version: OpenJDK Runtime Environment (8.0_412-b08) (build 1.8.0_412-b08)
# Java VM: OpenJDK 64-Bit Server VM (25.412-b08 mixed mode bsd-aarch64 compressed oops)
# Problematic frame:
# V  [libjvm.dylib+0x40e1c0]  ObjectMonitor::EnterI(Thread*)+0x1b4
#
# Failed to write core dump. Core dumps have been disabled. To enable core dumping, try "ulimit -c unlimited" before starting Java again
#
# If you would like to submit a bug report, please visit:
#   https://github.com/corretto/corretto-8/issues/
#

---------------  T H R E A D  ---------------

Current thread (0x0000000130384800):  JavaThread "DestroyJavaVM" [_thread_blocked, id=4867, stack(0x000000016d9dc000,0x000000016dbdf000)]

siginfo: si_signo: 11 (SIGSEGV), si_code: 2 (SEGV_ACCERR), si_addr: 0x0000000000000000

Registers:
 x0=0x00000000fffffffd  x1=0x0000000000000000  x2=0x0000000000000101  x3=0x0000000000000101
 x4=0x0000000000000100  x5=0x0000000000000101  x6=0x0000000000000000  x7=0x00000000000f4240
 x8=0x0000000000000000  x9=0x0000000000000002 x10=0x0000000000000000 x11=0x0000000000000002
x12=0x0000010100000100 x13=0x0000000000000000 x14=0x0000000000000100 x15=0x0000000000000000
x16=0x00000001939d8a44 x17=0x0000000000000100 x18=0x0000000000000000 x19=0x00000001146cbd70
x20=0x0000000130384800 x21=0x0000000103cb5ef0 x22=0x0000000000000008 x23=0x00000000000003e8
x24=0x0000000103cbc000 x25=0x0000000103ca2000 x26=0x0000000103d15000 x27=0x0000000000000000
x28=0x0000000130384800  fp=0x000000016dbde870  lr=0x0000000103a5e190  sp=0x000000016dbde7f0
pc=0x0000000103a5e1c0 cpsr=0x0000000080001000
Top of Stack: (sp=0x000000016dbde7f0)
0x000000016dbde7f0:   